<?xml version="1.0" encoding="UTF-8"?>
<testsuite xmlns:xsi="http://www.w3.org/2001/XMLSchema-instance" xsi:noNamespaceSchemaLocation="https://maven.apache.org/surefire/maven-surefire-plugin/xsd/surefire-test-report-3.0.xsd" version="3.0" name="htj.gatewayservice.GatewayServiceApplicationTests" time="3.849" tests="1" errors="0" skipped="0" failures="0">
  <properties>
    <property name="java.specification.version" value="17"/>
    <property name="sun.cpu.isalist" value="amd64"/>
    <property name="sun.jnu.encoding" value="Cp1252"/>
    <property name="java.class.path" value="C:\Users\t-jon\OneDrive - IEPSCF Marche-en-Famenne\Bac 4 - Info de gestion\Epreuve intégrée\mémoire - code\PROJETRH.V3.1\gateway-service\target\test-classes;C:\Users\t-jon\OneDrive - IEPSCF Marche-en-Famenne\Bac 4 - Info de gestion\Epreuve intégrée\mémoire - code\PROJETRH.V3.1\gateway-service\target\classes;C:\Users\t-jon\.m2\repository\org\springframework\boot\spring-boot-starter-web\3.2.0-SNAPSHOT\spring-boot-starter-web-3.2.0-SNAPSHOT.jar;C:\Users\t-jon\.m2\repository\org\springframework\boot\spring-boot-starter\3.2.0-SNAPSHOT\spring-boot-starter-3.2.0-SNAPSHOT.jar;C:\Users\t-jon\.m2\repository\org\springframework\boot\spring-boot\3.2.0-SNAPSHOT\spring-boot-3.2.0-SNAPSHOT.jar;C:\Users\t-jon\.m2\repository\org\springframework\boot\spring-boot-autoconfigure\3.2.0-SNAPSHOT\spring-boot-autoconfigure-3.2.0-SNAPSHOT.jar;C:\Users\t-jon\.m2\repository\org\springframework\boot\spring-boot-starter-logging\3.2.0-SNAPSHOT\spring-boot-starter-logging-3.2.0-SNAPSHOT.jar;C:\Users\t-jon\.m2\repository\org\apache\logging\log4j\log4j-to-slf4j\2.21.1\log4j-to-slf4j-2.21.1.jar;C:\Users\t-jon\.m2\repository\org\apache\logging\log4j\log4j-api\2.21.1\log4j-api-2.21.1.jar;C:\Users\t-jon\.m2\repository\org\slf4j\jul-to-slf4j\2.0.9\jul-to-slf4j-2.0.9.jar;C:\Users\t-jon\.m2\repository\jakarta\annotation\jakarta.annotation-api\2.1.1\jakarta.annotation-api-2.1.1.jar;C:\Users\t-jon\.m2\repository\org\yaml\snakeyaml\2.2\snakeyaml-2.2.jar;C:\Users\t-jon\.m2\repository\org\springframework\boot\spring-boot-starter-json\3.2.0-SNAPSHOT\spring-boot-starter-json-3.2.0-SNAPSHOT.jar;C:\Users\t-jon\.m2\repository\com\fasterxml\jackson\core\jackson-databind\2.15.3\jackson-databind-2.15.3.jar;C:\Users\t-jon\.m2\repository\com\fasterxml\jackson\core\jackson-annotations\2.15.3\jackson-annotations-2.15.3.jar;C:\Users\t-jon\.m2\repository\com\fasterxml\jackson\core\jackson-core\2.15.3\jackson-core-2.15.3.jar;C:\Users\t-jon\.m2\repository\com\fasterxml\jackson\datatype\jackson-datatype-jdk8\2.15.3\jackson-datatype-jdk8-2.15.3.jar;C:\Users\t-jon\.m2\repository\com\fasterxml\jackson\datatype\jackson-datatype-jsr310\2.15.3\jackson-datatype-jsr310-2.15.3.jar;C:\Users\t-jon\.m2\repository\com\fasterxml\jackson\module\jackson-module-parameter-names\2.15.3\jackson-module-parameter-names-2.15.3.jar;C:\Users\t-jon\.m2\repository\org\springframework\boot\spring-boot-starter-tomcat\3.2.0-SNAPSHOT\spring-boot-starter-tomcat-3.2.0-SNAPSHOT.jar;C:\Users\t-jon\.m2\repository\org\apache\tomcat\embed\tomcat-embed-core\10.1.16\tomcat-embed-core-10.1.16.jar;C:\Users\t-jon\.m2\repository\org\apache\tomcat\embed\tomcat-embed-el\10.1.16\tomcat-embed-el-10.1.16.jar;C:\Users\t-jon\.m2\repository\org\apache\tomcat\embed\tomcat-embed-websocket\10.1.16\tomcat-embed-websocket-10.1.16.jar;C:\Users\t-jon\.m2\repository\org\springframework\spring-web\6.1.1\spring-web-6.1.1.jar;C:\Users\t-jon\.m2\repository\org\springframework\spring-beans\6.1.1\spring-beans-6.1.1.jar;C:\Users\t-jon\.m2\repository\org\springframework\spring-webmvc\6.1.1\spring-webmvc-6.1.1.jar;C:\Users\t-jon\.m2\repository\org\springframework\spring-aop\6.1.1\spring-aop-6.1.1.jar;C:\Users\t-jon\.m2\repository\org\springframework\spring-expression\6.1.1\spring-expression-6.1.1.jar;C:\Users\t-jon\.m2\repository\org\springframework\cloud\spring-cloud-starter-gateway\4.1.0-SNAPSHOT\spring-cloud-starter-gateway-4.1.0-SNAPSHOT.jar;C:\Users\t-jon\.m2\repository\org\springframework\cloud\spring-cloud-starter\4.1.0-SNAPSHOT\spring-cloud-starter-4.1.0-SNAPSHOT.jar;C:\Users\t-jon\.m2\repository\org\springframework\cloud\spring-cloud-context\4.1.0-SNAPSHOT\spring-cloud-context-4.1.0-SNAPSHOT.jar;C:\Users\t-jon\.m2\repository\org\springframework\security\spring-security-crypto\6.2.0\spring-security-crypto-6.2.0.jar;C:\Users\t-jon\.m2\repository\org\springframework\cloud\spring-cloud-commons\4.1.0-SNAPSHOT\spring-cloud-commons-4.1.0-SNAPSHOT.jar;C:\Users\t-jon\.m2\repository\org\springframework\security\spring-security-rsa\1.1.1\spring-security-rsa-1.1.1.jar;C:\Users\t-jon\.m2\repository\org\bouncycastle\bcprov-jdk18on\1.74\bcprov-jdk18on-1.74.jar;C:\Users\t-jon\.m2\repository\org\springframework\cloud\spring-cloud-gateway-server\4.1.0-SNAPSHOT\spring-cloud-gateway-server-4.1.0-SNAPSHOT.jar;C:\Users\t-jon\.m2\repository\org\springframework\boot\spring-boot-starter-validation\3.2.0-SNAPSHOT\spring-boot-starter-validation-3.2.0-SNAPSHOT.jar;C:\Users\t-jon\.m2\repository\org\hibernate\validator\hibernate-validator\8.0.1.Final\hibernate-validator-8.0.1.Final.jar;C:\Users\t-jon\.m2\repository\jakarta\validation\jakarta.validation-api\3.0.2\jakarta.validation-api-3.0.2.jar;C:\Users\t-jon\.m2\repository\org\jboss\logging\jboss-logging\3.5.3.Final\jboss-logging-3.5.3.Final.jar;C:\Users\t-jon\.m2\repository\com\fasterxml\classmate\1.6.0\classmate-1.6.0.jar;C:\Users\t-jon\.m2\repository\io\projectreactor\addons\reactor-extra\3.5.1\reactor-extra-3.5.1.jar;C:\Users\t-jon\.m2\repository\io\projectreactor\reactor-core\3.6.0\reactor-core-3.6.0.jar;C:\Users\t-jon\.m2\repository\org\reactivestreams\reactive-streams\1.0.4\reactive-streams-1.0.4.jar;C:\Users\t-jon\.m2\repository\org\springframework\boot\spring-boot-starter-webflux\3.2.0-SNAPSHOT\spring-boot-starter-webflux-3.2.0-SNAPSHOT.jar;C:\Users\t-jon\.m2\repository\org\springframework\boot\spring-boot-starter-reactor-netty\3.2.0-SNAPSHOT\spring-boot-starter-reactor-netty-3.2.0-SNAPSHOT.jar;C:\Users\t-jon\.m2\repository\io\projectreactor\netty\reactor-netty-http\1.1.13\reactor-netty-http-1.1.13.jar;C:\Users\t-jon\.m2\repository\io\netty\netty-codec-http\4.1.101.Final\netty-codec-http-4.1.101.Final.jar;C:\Users\t-jon\.m2\repository\io\netty\netty-codec-http2\4.1.101.Final\netty-codec-http2-4.1.101.Final.jar;C:\Users\t-jon\.m2\repository\io\netty\netty-resolver-dns\4.1.101.Final\netty-resolver-dns-4.1.101.Final.jar;C:\Users\t-jon\.m2\repository\io\netty\netty-codec-dns\4.1.101.Final\netty-codec-dns-4.1.101.Final.jar;C:\Users\t-jon\.m2\repository\io\netty\netty-resolver-dns-native-macos\4.1.101.Final\netty-resolver-dns-native-macos-4.1.101.Final-osx-x86_64.jar;C:\Users\t-jon\.m2\repository\io\netty\netty-resolver-dns-classes-macos\4.1.101.Final\netty-resolver-dns-classes-macos-4.1.101.Final.jar;C:\Users\t-jon\.m2\repository\io\netty\netty-transport-native-epoll\4.1.101.Final\netty-transport-native-epoll-4.1.101.Final-linux-x86_64.jar;C:\Users\t-jon\.m2\repository\io\projectreactor\netty\reactor-netty-core\1.1.13\reactor-netty-core-1.1.13.jar;C:\Users\t-jon\.m2\repository\io\netty\netty-handler-proxy\4.1.101.Final\netty-handler-proxy-4.1.101.Final.jar;C:\Users\t-jon\.m2\repository\io\netty\netty-codec-socks\4.1.101.Final\netty-codec-socks-4.1.101.Final.jar;C:\Users\t-jon\.m2\repository\org\springframework\spring-webflux\6.1.1\spring-webflux-6.1.1.jar;C:\Users\t-jon\.m2\repository\org\springframework\kafka\spring-kafka\3.1.0\spring-kafka-3.1.0.jar;C:\Users\t-jon\.m2\repository\org\springframework\spring-context\6.1.1\spring-context-6.1.1.jar;C:\Users\t-jon\.m2\repository\org\springframework\spring-messaging\6.1.1\spring-messaging-6.1.1.jar;C:\Users\t-jon\.m2\repository\org\springframework\spring-tx\6.1.1\spring-tx-6.1.1.jar;C:\Users\t-jon\.m2\repository\org\springframework\retry\spring-retry\2.0.4\spring-retry-2.0.4.jar;C:\Users\t-jon\.m2\repository\org\apache\kafka\kafka-clients\3.6.0\kafka-clients-3.6.0.jar;C:\Users\t-jon\.m2\repository\com\github\luben\zstd-jni\1.5.5-1\zstd-jni-1.5.5-1.jar;C:\Users\t-jon\.m2\repository\org\lz4\lz4-java\1.8.0\lz4-java-1.8.0.jar;C:\Users\t-jon\.m2\repository\org\xerial\snappy\snappy-java\1.1.10.4\snappy-java-1.1.10.4.jar;C:\Users\t-jon\.m2\repository\io\micrometer\micrometer-observation\1.12.0\micrometer-observation-1.12.0.jar;C:\Users\t-jon\.m2\repository\io\micrometer\micrometer-commons\1.12.0\micrometer-commons-1.12.0.jar;C:\Users\t-jon\.m2\repository\com\google\code\findbugs\jsr305\3.0.2\jsr305-3.0.2.jar;C:\Users\t-jon\.m2\repository\org\springframework\boot\spring-boot-starter-test\3.2.0-SNAPSHOT\spring-boot-starter-test-3.2.0-SNAPSHOT.jar;C:\Users\t-jon\.m2\repository\org\springframework\boot\spring-boot-test\3.2.0-SNAPSHOT\spring-boot-test-3.2.0-SNAPSHOT.jar;C:\Users\t-jon\.m2\repository\org\springframework\boot\spring-boot-test-autoconfigure\3.2.0-SNAPSHOT\spring-boot-test-autoconfigure-3.2.0-SNAPSHOT.jar;C:\Users\t-jon\.m2\repository\com\jayway\jsonpath\json-path\2.8.0\json-path-2.8.0.jar;C:\Users\t-jon\.m2\repository\jakarta\xml\bind\jakarta.xml.bind-api\4.0.1\jakarta.xml.bind-api-4.0.1.jar;C:\Users\t-jon\.m2\repository\jakarta\activation\jakarta.activation-api\2.1.2\jakarta.activation-api-2.1.2.jar;C:\Users\t-jon\.m2\repository\net\minidev\json-smart\2.5.0\json-smart-2.5.0.jar;C:\Users\t-jon\.m2\repository\net\minidev\accessors-smart\2.5.0\accessors-smart-2.5.0.jar;C:\Users\t-jon\.m2\repository\org\ow2\asm\asm\9.3\asm-9.3.jar;C:\Users\t-jon\.m2\repository\org\assertj\assertj-core\3.24.2\assertj-core-3.24.2.jar;C:\Users\t-jon\.m2\repository\net\bytebuddy\byte-buddy\1.14.10\byte-buddy-1.14.10.jar;C:\Users\t-jon\.m2\repository\org\awaitility\awaitility\4.2.0\awaitility-4.2.0.jar;C:\Users\t-jon\.m2\repository\org\hamcrest\hamcrest\2.2\hamcrest-2.2.jar;C:\Users\t-jon\.m2\repository\org\junit\jupiter\junit-jupiter\5.10.1\junit-jupiter-5.10.1.jar;C:\Users\t-jon\.m2\repository\org\junit\jupiter\junit-jupiter-params\5.10.1\junit-jupiter-params-5.10.1.jar;C:\Users\t-jon\.m2\repository\org\junit\jupiter\junit-jupiter-engine\5.10.1\junit-jupiter-engine-5.10.1.jar;C:\Users\t-jon\.m2\repository\org\mockito\mockito-core\5.7.0\mockito-core-5.7.0.jar;C:\Users\t-jon\.m2\repository\net\bytebuddy\byte-buddy-agent\1.14.10\byte-buddy-agent-1.14.10.jar;C:\Users\t-jon\.m2\repository\org\objenesis\objenesis\3.3\objenesis-3.3.jar;C:\Users\t-jon\.m2\repository\org\mockito\mockito-junit-jupiter\5.7.0\mockito-junit-jupiter-5.7.0.jar;C:\Users\t-jon\.m2\repository\org\skyscreamer\jsonassert\1.5.1\jsonassert-1.5.1.jar;C:\Users\t-jon\.m2\repository\com\vaadin\external\google\android-json\0.0.20131108.vaadin1\android-json-0.0.20131108.vaadin1.jar;C:\Users\t-jon\.m2\repository\org\springframework\spring-core\6.1.1\spring-core-6.1.1.jar;C:\Users\t-jon\.m2\repository\org\springframework\spring-jcl\6.1.1\spring-jcl-6.1.1.jar;C:\Users\t-jon\.m2\repository\org\springframework\spring-test\6.1.1\spring-test-6.1.1.jar;C:\Users\t-jon\.m2\repository\org\xmlunit\xmlunit-core\2.9.1\xmlunit-core-2.9.1.jar;C:\Users\t-jon\.m2\repository\org\springframework\kafka\spring-kafka-test\3.1.0\spring-kafka-test-3.1.0.jar;C:\Users\t-jon\.m2\repository\org\apache\zookeeper\zookeeper\3.8.3\zookeeper-3.8.3.jar;C:\Users\t-jon\.m2\repository\org\apache\zookeeper\zookeeper-jute\3.8.3\zookeeper-jute-3.8.3.jar;C:\Users\t-jon\.m2\repository\org\apache\yetus\audience-annotations\0.12.0\audience-annotations-0.12.0.jar;C:\Users\t-jon\.m2\repository\io\netty\netty-handler\4.1.101.Final\netty-handler-4.1.101.Final.jar;C:\Users\t-jon\.m2\repository\io\netty\netty-common\4.1.101.Final\netty-common-4.1.101.Final.jar;C:\Users\t-jon\.m2\repository\io\netty\netty-resolver\4.1.101.Final\netty-resolver-4.1.101.Final.jar;C:\Users\t-jon\.m2\repository\io\netty\netty-buffer\4.1.101.Final\netty-buffer-4.1.101.Final.jar;C:\Users\t-jon\.m2\repository\io\netty\netty-transport\4.1.101.Final\netty-transport-4.1.101.Final.jar;C:\Users\t-jon\.m2\repository\io\netty\netty-transport-native-unix-common\4.1.101.Final\netty-transport-native-unix-common-4.1.101.Final.jar;C:\Users\t-jon\.m2\repository\io\netty\netty-codec\4.1.101.Final\netty-codec-4.1.101.Final.jar;C:\Users\t-jon\.m2\repository\io\netty\netty-transport-native-epoll\4.1.101.Final\netty-transport-native-epoll-4.1.101.Final.jar;C:\Users\t-jon\.m2\repository\io\netty\netty-transport-classes-epoll\4.1.101.Final\netty-transport-classes-epoll-4.1.101.Final.jar;C:\Users\t-jon\.m2\repository\commons-io\commons-io\2.11.0\commons-io-2.11.0.jar;C:\Users\t-jon\.m2\repository\org\apache\kafka\kafka-clients\3.6.0\kafka-clients-3.6.0-test.jar;C:\Users\t-jon\.m2\repository\org\apache\kafka\kafka-metadata\3.6.0\kafka-metadata-3.6.0.jar;C:\Users\t-jon\.m2\repository\org\apache\kafka\kafka-raft\3.6.0\kafka-raft-3.6.0.jar;C:\Users\t-jon\.m2\repository\com\yammer\metrics\metrics-core\2.2.0\metrics-core-2.2.0.jar;C:\Users\t-jon\.m2\repository\org\apache\kafka\kafka-server-common\3.6.0\kafka-server-common-3.6.0.jar;C:\Users\t-jon\.m2\repository\net\sf\jopt-simple\jopt-simple\5.0.4\jopt-simple-5.0.4.jar;C:\Users\t-jon\.m2\repository\org\pcollections\pcollections\4.0.1\pcollections-4.0.1.jar;C:\Users\t-jon\.m2\repository\org\apache\kafka\kafka-server-common\3.6.0\kafka-server-common-3.6.0-test.jar;C:\Users\t-jon\.m2\repository\org\apache\kafka\kafka-streams-test-utils\3.6.0\kafka-streams-test-utils-3.6.0.jar;C:\Users\t-jon\.m2\repository\org\apache\kafka\kafka-streams\3.6.0\kafka-streams-3.6.0.jar;C:\Users\t-jon\.m2\repository\org\rocksdb\rocksdbjni\7.9.2\rocksdbjni-7.9.2.jar;C:\Users\t-jon\.m2\repository\org\apache\kafka\kafka_2.13\3.6.0\kafka_2.13-3.6.0.jar;C:\Users\t-jon\.m2\repository\org\scala-lang\scala-library\2.13.11\scala-library-2.13.11.jar;C:\Users\t-jon\.m2\repository\org\apache\kafka\kafka-group-coordinator\3.6.0\kafka-group-coordinator-3.6.0.jar;C:\Users\t-jon\.m2\repository\org\apache\kafka\kafka-storage-api\3.6.0\kafka-storage-api-3.6.0.jar;C:\Users\t-jon\.m2\repository\org\apache\kafka\kafka-tools-api\3.6.0\kafka-tools-api-3.6.0.jar;C:\Users\t-jon\.m2\repository\org\apache\kafka\kafka-storage\3.6.0\kafka-storage-3.6.0.jar;C:\Users\t-jon\.m2\repository\com\github\ben-manes\caffeine\caffeine\3.1.8\caffeine-3.1.8.jar;C:\Users\t-jon\.m2\repository\org\checkerframework\checker-qual\3.37.0\checker-qual-3.37.0.jar;C:\Users\t-jon\.m2\repository\com\google\errorprone\error_prone_annotations\2.21.1\error_prone_annotations-2.21.1.jar;C:\Users\t-jon\.m2\repository\net\sourceforge\argparse4j\argparse4j\0.7.0\argparse4j-0.7.0.jar;C:\Users\t-jon\.m2\repository\commons-validator\commons-validator\1.7\commons-validator-1.7.jar;C:\Users\t-jon\.m2\repository\commons-beanutils\commons-beanutils\1.9.4\commons-beanutils-1.9.4.jar;C:\Users\t-jon\.m2\repository\commons-digester\commons-digester\2.1\commons-digester-2.1.jar;C:\Users\t-jon\.m2\repository\commons-collections\commons-collections\3.2.2\commons-collections-3.2.2.jar;C:\Users\t-jon\.m2\repository\com\fasterxml\jackson\module\jackson-module-scala_2.13\2.15.3\jackson-module-scala_2.13-2.15.3.jar;C:\Users\t-jon\.m2\repository\com\thoughtworks\paranamer\paranamer\2.8\paranamer-2.8.jar;C:\Users\t-jon\.m2\repository\com\fasterxml\jackson\dataformat\jackson-dataformat-csv\2.15.3\jackson-dataformat-csv-2.15.3.jar;C:\Users\t-jon\.m2\repository\org\bitbucket\b_c\jose4j\0.9.3\jose4j-0.9.3.jar;C:\Users\t-jon\.m2\repository\org\scala-lang\modules\scala-collection-compat_2.13\2.10.0\scala-collection-compat_2.13-2.10.0.jar;C:\Users\t-jon\.m2\repository\org\scala-lang\modules\scala-java8-compat_2.13\1.0.2\scala-java8-compat_2.13-1.0.2.jar;C:\Users\t-jon\.m2\repository\org\scala-lang\scala-reflect\2.13.11\scala-reflect-2.13.11.jar;C:\Users\t-jon\.m2\repository\com\typesafe\scala-logging\scala-logging_2.13\3.9.4\scala-logging_2.13-3.9.4.jar;C:\Users\t-jon\.m2\repository\io\dropwizard\metrics\metrics-core\4.2.22\metrics-core-4.2.22.jar;C:\Users\t-jon\.m2\repository\commons-cli\commons-cli\1.4\commons-cli-1.4.jar;C:\Users\t-jon\.m2\repository\org\apache\kafka\kafka_2.13\3.6.0\kafka_2.13-3.6.0-test.jar;C:\Users\t-jon\.m2\repository\org\junit\jupiter\junit-jupiter-api\5.10.1\junit-jupiter-api-5.10.1.jar;C:\Users\t-jon\.m2\repository\org\opentest4j\opentest4j\1.3.0\opentest4j-1.3.0.jar;C:\Users\t-jon\.m2\repository\org\junit\platform\junit-platform-commons\1.10.1\junit-platform-commons-1.10.1.jar;C:\Users\t-jon\.m2\repository\org\apiguardian\apiguardian-api\1.1.2\apiguardian-api-1.1.2.jar;C:\Users\t-jon\.m2\repository\org\junit\platform\junit-platform-launcher\1.10.1\junit-platform-launcher-1.10.1.jar;C:\Users\t-jon\.m2\repository\org\junit\platform\junit-platform-engine\1.10.1\junit-platform-engine-1.10.1.jar;C:\Users\t-jon\.m2\repository\org\slf4j\slf4j-api\2.0.9\slf4j-api-2.0.9.jar;C:\Users\t-jon\.m2\repository\ch\qos\logback\logback-classic\1.4.11\logback-classic-1.4.11.jar;C:\Users\t-jon\.m2\repository\ch\qos\logback\logback-core\1.4.11\logback-core-1.4.11.jar;"/>
    <property name="java.vm.vendor" value="Eclipse Adoptium"/>
    <property name="sun.arch.data.model" value="64"/>
    <property name="user.variant" value=""/>
    <property name="java.vendor.url" value="https://adoptium.net/"/>
    <property name="user.timezone" value="Europe/Brussels"/>
    <property name="org.jboss.logging.provider" value="slf4j"/>
    <property name="os.name" value="Windows 11"/>
    <property name="java.vm.specification.version" value="17"/>
    <property name="sun.java.launcher" value="SUN_STANDARD"/>
    <property name="user.country" value="BE"/>
    <property name="sun.boot.library.path" value="C:\Program Files\eclipse\plugins\org.eclipse.justj.openjdk.hotspot.jre.full.win32.x86_64_17.0.3.v20220515-1416\jre\bin"/>
    <property name="sun.java.command" value="C:\Users\t-jon\AppData\Local\Temp\surefire9975014108806512632\surefirebooter-20240519132937967_3.jar C:\Users\t-jon\AppData\Local\Temp\surefire9975014108806512632 2024-05-19T13-29-37_652-jvmRun1 surefire-20240519132937967_1tmp surefire_0-20240519132937967_2tmp"/>
    <property name="jdk.debug" value="release"/>
    <property name="surefire.test.class.path" value="C:\Users\t-jon\OneDrive - IEPSCF Marche-en-Famenne\Bac 4 - Info de gestion\Epreuve intégrée\mémoire - code\PROJETRH.V3.1\gateway-service\target\test-classes;C:\Users\t-jon\OneDrive - IEPSCF Marche-en-Famenne\Bac 4 - Info de gestion\Epreuve intégrée\mémoire - code\PROJETRH.V3.1\gateway-service\target\classes;C:\Users\t-jon\.m2\repository\org\springframework\boot\spring-boot-starter-web\3.2.0-SNAPSHOT\spring-boot-starter-web-3.2.0-SNAPSHOT.jar;C:\Users\t-jon\.m2\repository\org\springframework\boot\spring-boot-starter\3.2.0-SNAPSHOT\spring-boot-starter-3.2.0-SNAPSHOT.jar;C:\Users\t-jon\.m2\repository\org\springframework\boot\spring-boot\3.2.0-SNAPSHOT\spring-boot-3.2.0-SNAPSHOT.jar;C:\Users\t-jon\.m2\repository\org\springframework\boot\spring-boot-autoconfigure\3.2.0-SNAPSHOT\spring-boot-autoconfigure-3.2.0-SNAPSHOT.jar;C:\Users\t-jon\.m2\repository\org\springframework\boot\spring-boot-starter-logging\3.2.0-SNAPSHOT\spring-boot-starter-logging-3.2.0-SNAPSHOT.jar;C:\Users\t-jon\.m2\repository\org\apache\logging\log4j\log4j-to-slf4j\2.21.1\log4j-to-slf4j-2.21.1.jar;C:\Users\t-jon\.m2\repository\org\apache\logging\log4j\log4j-api\2.21.1\log4j-api-2.21.1.jar;C:\Users\t-jon\.m2\repository\org\slf4j\jul-to-slf4j\2.0.9\jul-to-slf4j-2.0.9.jar;C:\Users\t-jon\.m2\repository\jakarta\annotation\jakarta.annotation-api\2.1.1\jakarta.annotation-api-2.1.1.jar;C:\Users\t-jon\.m2\repository\org\yaml\snakeyaml\2.2\snakeyaml-2.2.jar;C:\Users\t-jon\.m2\repository\org\springframework\boot\spring-boot-starter-json\3.2.0-SNAPSHOT\spring-boot-starter-json-3.2.0-SNAPSHOT.jar;C:\Users\t-jon\.m2\repository\com\fasterxml\jackson\core\jackson-databind\2.15.3\jackson-databind-2.15.3.jar;C:\Users\t-jon\.m2\repository\com\fasterxml\jackson\core\jackson-annotations\2.15.3\jackson-annotations-2.15.3.jar;C:\Users\t-jon\.m2\repository\com\fasterxml\jackson\core\jackson-core\2.15.3\jackson-core-2.15.3.jar;C:\Users\t-jon\.m2\repository\com\fasterxml\jackson\datatype\jackson-datatype-jdk8\2.15.3\jackson-datatype-jdk8-2.15.3.jar;C:\Users\t-jon\.m2\repository\com\fasterxml\jackson\datatype\jackson-datatype-jsr310\2.15.3\jackson-datatype-jsr310-2.15.3.jar;C:\Users\t-jon\.m2\repository\com\fasterxml\jackson\module\jackson-module-parameter-names\2.15.3\jackson-module-parameter-names-2.15.3.jar;C:\Users\t-jon\.m2\repository\org\springframework\boot\spring-boot-starter-tomcat\3.2.0-SNAPSHOT\spring-boot-starter-tomcat-3.2.0-SNAPSHOT.jar;C:\Users\t-jon\.m2\repository\org\apache\tomcat\embed\tomcat-embed-core\10.1.16\tomcat-embed-core-10.1.16.jar;C:\Users\t-jon\.m2\repository\org\apache\tomcat\embed\tomcat-embed-el\10.1.16\tomcat-embed-el-10.1.16.jar;C:\Users\t-jon\.m2\repository\org\apache\tomcat\embed\tomcat-embed-websocket\10.1.16\tomcat-embed-websocket-10.1.16.jar;C:\Users\t-jon\.m2\repository\org\springframework\spring-web\6.1.1\spring-web-6.1.1.jar;C:\Users\t-jon\.m2\repository\org\springframework\spring-beans\6.1.1\spring-beans-6.1.1.jar;C:\Users\t-jon\.m2\repository\org\springframework\spring-webmvc\6.1.1\spring-webmvc-6.1.1.jar;C:\Users\t-jon\.m2\repository\org\springframework\spring-aop\6.1.1\spring-aop-6.1.1.jar;C:\Users\t-jon\.m2\repository\org\springframework\spring-expression\6.1.1\spring-expression-6.1.1.jar;C:\Users\t-jon\.m2\repository\org\springframework\cloud\spring-cloud-starter-gateway\4.1.0-SNAPSHOT\spring-cloud-starter-gateway-4.1.0-SNAPSHOT.jar;C:\Users\t-jon\.m2\repository\org\springframework\cloud\spring-cloud-starter\4.1.0-SNAPSHOT\spring-cloud-starter-4.1.0-SNAPSHOT.jar;C:\Users\t-jon\.m2\repository\org\springframework\cloud\spring-cloud-context\4.1.0-SNAPSHOT\spring-cloud-context-4.1.0-SNAPSHOT.jar;C:\Users\t-jon\.m2\repository\org\springframework\security\spring-security-crypto\6.2.0\spring-security-crypto-6.2.0.jar;C:\Users\t-jon\.m2\repository\org\springframework\cloud\spring-cloud-commons\4.1.0-SNAPSHOT\spring-cloud-commons-4.1.0-SNAPSHOT.jar;C:\Users\t-jon\.m2\repository\org\springframework\security\spring-security-rsa\1.1.1\spring-security-rsa-1.1.1.jar;C:\Users\t-jon\.m2\repository\org\bouncycastle\bcprov-jdk18on\1.74\bcprov-jdk18on-1.74.jar;C:\Users\t-jon\.m2\repository\org\springframework\cloud\spring-cloud-gateway-server\4.1.0-SNAPSHOT\spring-cloud-gateway-server-4.1.0-SNAPSHOT.jar;C:\Users\t-jon\.m2\repository\org\springframework\boot\spring-boot-starter-validation\3.2.0-SNAPSHOT\spring-boot-starter-validation-3.2.0-SNAPSHOT.jar;C:\Users\t-jon\.m2\repository\org\hibernate\validator\hibernate-validator\8.0.1.Final\hibernate-validator-8.0.1.Final.jar;C:\Users\t-jon\.m2\repository\jakarta\validation\jakarta.validation-api\3.0.2\jakarta.validation-api-3.0.2.jar;C:\Users\t-jon\.m2\repository\org\jboss\logging\jboss-logging\3.5.3.Final\jboss-logging-3.5.3.Final.jar;C:\Users\t-jon\.m2\repository\com\fasterxml\classmate\1.6.0\classmate-1.6.0.jar;C:\Users\t-jon\.m2\repository\io\projectreactor\addons\reactor-extra\3.5.1\reactor-extra-3.5.1.jar;C:\Users\t-jon\.m2\repository\io\projectreactor\reactor-core\3.6.0\reactor-core-3.6.0.jar;C:\Users\t-jon\.m2\repository\org\reactivestreams\reactive-streams\1.0.4\reactive-streams-1.0.4.jar;C:\Users\t-jon\.m2\repository\org\springframework\boot\spring-boot-starter-webflux\3.2.0-SNAPSHOT\spring-boot-starter-webflux-3.2.0-SNAPSHOT.jar;C:\Users\t-jon\.m2\repository\org\springframework\boot\spring-boot-starter-reactor-netty\3.2.0-SNAPSHOT\spring-boot-starter-reactor-netty-3.2.0-SNAPSHOT.jar;C:\Users\t-jon\.m2\repository\io\projectreactor\netty\reactor-netty-http\1.1.13\reactor-netty-http-1.1.13.jar;C:\Users\t-jon\.m2\repository\io\netty\netty-codec-http\4.1.101.Final\netty-codec-http-4.1.101.Final.jar;C:\Users\t-jon\.m2\repository\io\netty\netty-codec-http2\4.1.101.Final\netty-codec-http2-4.1.101.Final.jar;C:\Users\t-jon\.m2\repository\io\netty\netty-resolver-dns\4.1.101.Final\netty-resolver-dns-4.1.101.Final.jar;C:\Users\t-jon\.m2\repository\io\netty\netty-codec-dns\4.1.101.Final\netty-codec-dns-4.1.101.Final.jar;C:\Users\t-jon\.m2\repository\io\netty\netty-resolver-dns-native-macos\4.1.101.Final\netty-resolver-dns-native-macos-4.1.101.Final-osx-x86_64.jar;C:\Users\t-jon\.m2\repository\io\netty\netty-resolver-dns-classes-macos\4.1.101.Final\netty-resolver-dns-classes-macos-4.1.101.Final.jar;C:\Users\t-jon\.m2\repository\io\netty\netty-transport-native-epoll\4.1.101.Final\netty-transport-native-epoll-4.1.101.Final-linux-x86_64.jar;C:\Users\t-jon\.m2\repository\io\projectreactor\netty\reactor-netty-core\1.1.13\reactor-netty-core-1.1.13.jar;C:\Users\t-jon\.m2\repository\io\netty\netty-handler-proxy\4.1.101.Final\netty-handler-proxy-4.1.101.Final.jar;C:\Users\t-jon\.m2\repository\io\netty\netty-codec-socks\4.1.101.Final\netty-codec-socks-4.1.101.Final.jar;C:\Users\t-jon\.m2\repository\org\springframework\spring-webflux\6.1.1\spring-webflux-6.1.1.jar;C:\Users\t-jon\.m2\repository\org\springframework\kafka\spring-kafka\3.1.0\spring-kafka-3.1.0.jar;C:\Users\t-jon\.m2\repository\org\springframework\spring-context\6.1.1\spring-context-6.1.1.jar;C:\Users\t-jon\.m2\repository\org\springframework\spring-messaging\6.1.1\spring-messaging-6.1.1.jar;C:\Users\t-jon\.m2\repository\org\springframework\spring-tx\6.1.1\spring-tx-6.1.1.jar;C:\Users\t-jon\.m2\repository\org\springframework\retry\spring-retry\2.0.4\spring-retry-2.0.4.jar;C:\Users\t-jon\.m2\repository\org\apache\kafka\kafka-clients\3.6.0\kafka-clients-3.6.0.jar;C:\Users\t-jon\.m2\repository\com\github\luben\zstd-jni\1.5.5-1\zstd-jni-1.5.5-1.jar;C:\Users\t-jon\.m2\repository\org\lz4\lz4-java\1.8.0\lz4-java-1.8.0.jar;C:\Users\t-jon\.m2\repository\org\xerial\snappy\snappy-java\1.1.10.4\snappy-java-1.1.10.4.jar;C:\Users\t-jon\.m2\repository\io\micrometer\micrometer-observation\1.12.0\micrometer-observation-1.12.0.jar;C:\Users\t-jon\.m2\repository\io\micrometer\micrometer-commons\1.12.0\micrometer-commons-1.12.0.jar;C:\Users\t-jon\.m2\repository\com\google\code\findbugs\jsr305\3.0.2\jsr305-3.0.2.jar;C:\Users\t-jon\.m2\repository\org\springframework\boot\spring-boot-starter-test\3.2.0-SNAPSHOT\spring-boot-starter-test-3.2.0-SNAPSHOT.jar;C:\Users\t-jon\.m2\repository\org\springframework\boot\spring-boot-test\3.2.0-SNAPSHOT\spring-boot-test-3.2.0-SNAPSHOT.jar;C:\Users\t-jon\.m2\repository\org\springframework\boot\spring-boot-test-autoconfigure\3.2.0-SNAPSHOT\spring-boot-test-autoconfigure-3.2.0-SNAPSHOT.jar;C:\Users\t-jon\.m2\repository\com\jayway\jsonpath\json-path\2.8.0\json-path-2.8.0.jar;C:\Users\t-jon\.m2\repository\jakarta\xml\bind\jakarta.xml.bind-api\4.0.1\jakarta.xml.bind-api-4.0.1.jar;C:\Users\t-jon\.m2\repository\jakarta\activation\jakarta.activation-api\2.1.2\jakarta.activation-api-2.1.2.jar;C:\Users\t-jon\.m2\repository\net\minidev\json-smart\2.5.0\json-smart-2.5.0.jar;C:\Users\t-jon\.m2\repository\net\minidev\accessors-smart\2.5.0\accessors-smart-2.5.0.jar;C:\Users\t-jon\.m2\repository\org\ow2\asm\asm\9.3\asm-9.3.jar;C:\Users\t-jon\.m2\repository\org\assertj\assertj-core\3.24.2\assertj-core-3.24.2.jar;C:\Users\t-jon\.m2\repository\net\bytebuddy\byte-buddy\1.14.10\byte-buddy-1.14.10.jar;C:\Users\t-jon\.m2\repository\org\awaitility\awaitility\4.2.0\awaitility-4.2.0.jar;C:\Users\t-jon\.m2\repository\org\hamcrest\hamcrest\2.2\hamcrest-2.2.jar;C:\Users\t-jon\.m2\repository\org\junit\jupiter\junit-jupiter\5.10.1\junit-jupiter-5.10.1.jar;C:\Users\t-jon\.m2\repository\org\junit\jupiter\junit-jupiter-params\5.10.1\junit-jupiter-params-5.10.1.jar;C:\Users\t-jon\.m2\repository\org\junit\jupiter\junit-jupiter-engine\5.10.1\junit-jupiter-engine-5.10.1.jar;C:\Users\t-jon\.m2\repository\org\mockito\mockito-core\5.7.0\mockito-core-5.7.0.jar;C:\Users\t-jon\.m2\repository\net\bytebuddy\byte-buddy-agent\1.14.10\byte-buddy-agent-1.14.10.jar;C:\Users\t-jon\.m2\repository\org\objenesis\objenesis\3.3\objenesis-3.3.jar;C:\Users\t-jon\.m2\repository\org\mockito\mockito-junit-jupiter\5.7.0\mockito-junit-jupiter-5.7.0.jar;C:\Users\t-jon\.m2\repository\org\skyscreamer\jsonassert\1.5.1\jsonassert-1.5.1.jar;C:\Users\t-jon\.m2\repository\com\vaadin\external\google\android-json\0.0.20131108.vaadin1\android-json-0.0.20131108.vaadin1.jar;C:\Users\t-jon\.m2\repository\org\springframework\spring-core\6.1.1\spring-core-6.1.1.jar;C:\Users\t-jon\.m2\repository\org\springframework\spring-jcl\6.1.1\spring-jcl-6.1.1.jar;C:\Users\t-jon\.m2\repository\org\springframework\spring-test\6.1.1\spring-test-6.1.1.jar;C:\Users\t-jon\.m2\repository\org\xmlunit\xmlunit-core\2.9.1\xmlunit-core-2.9.1.jar;C:\Users\t-jon\.m2\repository\org\springframework\kafka\spring-kafka-test\3.1.0\spring-kafka-test-3.1.0.jar;C:\Users\t-jon\.m2\repository\org\apache\zookeeper\zookeeper\3.8.3\zookeeper-3.8.3.jar;C:\Users\t-jon\.m2\repository\org\apache\zookeeper\zookeeper-jute\3.8.3\zookeeper-jute-3.8.3.jar;C:\Users\t-jon\.m2\repository\org\apache\yetus\audience-annotations\0.12.0\audience-annotations-0.12.0.jar;C:\Users\t-jon\.m2\repository\io\netty\netty-handler\4.1.101.Final\netty-handler-4.1.101.Final.jar;C:\Users\t-jon\.m2\repository\io\netty\netty-common\4.1.101.Final\netty-common-4.1.101.Final.jar;C:\Users\t-jon\.m2\repository\io\netty\netty-resolver\4.1.101.Final\netty-resolver-4.1.101.Final.jar;C:\Users\t-jon\.m2\repository\io\netty\netty-buffer\4.1.101.Final\netty-buffer-4.1.101.Final.jar;C:\Users\t-jon\.m2\repository\io\netty\netty-transport\4.1.101.Final\netty-transport-4.1.101.Final.jar;C:\Users\t-jon\.m2\repository\io\netty\netty-transport-native-unix-common\4.1.101.Final\netty-transport-native-unix-common-4.1.101.Final.jar;C:\Users\t-jon\.m2\repository\io\netty\netty-codec\4.1.101.Final\netty-codec-4.1.101.Final.jar;C:\Users\t-jon\.m2\repository\io\netty\netty-transport-native-epoll\4.1.101.Final\netty-transport-native-epoll-4.1.101.Final.jar;C:\Users\t-jon\.m2\repository\io\netty\netty-transport-classes-epoll\4.1.101.Final\netty-transport-classes-epoll-4.1.101.Final.jar;C:\Users\t-jon\.m2\repository\commons-io\commons-io\2.11.0\commons-io-2.11.0.jar;C:\Users\t-jon\.m2\repository\org\apache\kafka\kafka-clients\3.6.0\kafka-clients-3.6.0-test.jar;C:\Users\t-jon\.m2\repository\org\apache\kafka\kafka-metadata\3.6.0\kafka-metadata-3.6.0.jar;C:\Users\t-jon\.m2\repository\org\apache\kafka\kafka-raft\3.6.0\kafka-raft-3.6.0.jar;C:\Users\t-jon\.m2\repository\com\yammer\metrics\metrics-core\2.2.0\metrics-core-2.2.0.jar;C:\Users\t-jon\.m2\repository\org\apache\kafka\kafka-server-common\3.6.0\kafka-server-common-3.6.0.jar;C:\Users\t-jon\.m2\repository\net\sf\jopt-simple\jopt-simple\5.0.4\jopt-simple-5.0.4.jar;C:\Users\t-jon\.m2\repository\org\pcollections\pcollections\4.0.1\pcollections-4.0.1.jar;C:\Users\t-jon\.m2\repository\org\apache\kafka\kafka-server-common\3.6.0\kafka-server-common-3.6.0-test.jar;C:\Users\t-jon\.m2\repository\org\apache\kafka\kafka-streams-test-utils\3.6.0\kafka-streams-test-utils-3.6.0.jar;C:\Users\t-jon\.m2\repository\org\apache\kafka\kafka-streams\3.6.0\kafka-streams-3.6.0.jar;C:\Users\t-jon\.m2\repository\org\rocksdb\rocksdbjni\7.9.2\rocksdbjni-7.9.2.jar;C:\Users\t-jon\.m2\repository\org\apache\kafka\kafka_2.13\3.6.0\kafka_2.13-3.6.0.jar;C:\Users\t-jon\.m2\repository\org\scala-lang\scala-library\2.13.11\scala-library-2.13.11.jar;C:\Users\t-jon\.m2\repository\org\apache\kafka\kafka-group-coordinator\3.6.0\kafka-group-coordinator-3.6.0.jar;C:\Users\t-jon\.m2\repository\org\apache\kafka\kafka-storage-api\3.6.0\kafka-storage-api-3.6.0.jar;C:\Users\t-jon\.m2\repository\org\apache\kafka\kafka-tools-api\3.6.0\kafka-tools-api-3.6.0.jar;C:\Users\t-jon\.m2\repository\org\apache\kafka\kafka-storage\3.6.0\kafka-storage-3.6.0.jar;C:\Users\t-jon\.m2\repository\com\github\ben-manes\caffeine\caffeine\3.1.8\caffeine-3.1.8.jar;C:\Users\t-jon\.m2\repository\org\checkerframework\checker-qual\3.37.0\checker-qual-3.37.0.jar;C:\Users\t-jon\.m2\repository\com\google\errorprone\error_prone_annotations\2.21.1\error_prone_annotations-2.21.1.jar;C:\Users\t-jon\.m2\repository\net\sourceforge\argparse4j\argparse4j\0.7.0\argparse4j-0.7.0.jar;C:\Users\t-jon\.m2\repository\commons-validator\commons-validator\1.7\commons-validator-1.7.jar;C:\Users\t-jon\.m2\repository\commons-beanutils\commons-beanutils\1.9.4\commons-beanutils-1.9.4.jar;C:\Users\t-jon\.m2\repository\commons-digester\commons-digester\2.1\commons-digester-2.1.jar;C:\Users\t-jon\.m2\repository\commons-collections\commons-collections\3.2.2\commons-collections-3.2.2.jar;C:\Users\t-jon\.m2\repository\com\fasterxml\jackson\module\jackson-module-scala_2.13\2.15.3\jackson-module-scala_2.13-2.15.3.jar;C:\Users\t-jon\.m2\repository\com\thoughtworks\paranamer\paranamer\2.8\paranamer-2.8.jar;C:\Users\t-jon\.m2\repository\com\fasterxml\jackson\dataformat\jackson-dataformat-csv\2.15.3\jackson-dataformat-csv-2.15.3.jar;C:\Users\t-jon\.m2\repository\org\bitbucket\b_c\jose4j\0.9.3\jose4j-0.9.3.jar;C:\Users\t-jon\.m2\repository\org\scala-lang\modules\scala-collection-compat_2.13\2.10.0\scala-collection-compat_2.13-2.10.0.jar;C:\Users\t-jon\.m2\repository\org\scala-lang\modules\scala-java8-compat_2.13\1.0.2\scala-java8-compat_2.13-1.0.2.jar;C:\Users\t-jon\.m2\repository\org\scala-lang\scala-reflect\2.13.11\scala-reflect-2.13.11.jar;C:\Users\t-jon\.m2\repository\com\typesafe\scala-logging\scala-logging_2.13\3.9.4\scala-logging_2.13-3.9.4.jar;C:\Users\t-jon\.m2\repository\io\dropwizard\metrics\metrics-core\4.2.22\metrics-core-4.2.22.jar;C:\Users\t-jon\.m2\repository\commons-cli\commons-cli\1.4\commons-cli-1.4.jar;C:\Users\t-jon\.m2\repository\org\apache\kafka\kafka_2.13\3.6.0\kafka_2.13-3.6.0-test.jar;C:\Users\t-jon\.m2\repository\org\junit\jupiter\junit-jupiter-api\5.10.1\junit-jupiter-api-5.10.1.jar;C:\Users\t-jon\.m2\repository\org\opentest4j\opentest4j\1.3.0\opentest4j-1.3.0.jar;C:\Users\t-jon\.m2\repository\org\junit\platform\junit-platform-commons\1.10.1\junit-platform-commons-1.10.1.jar;C:\Users\t-jon\.m2\repository\org\apiguardian\apiguardian-api\1.1.2\apiguardian-api-1.1.2.jar;C:\Users\t-jon\.m2\repository\org\junit\platform\junit-platform-launcher\1.10.1\junit-platform-launcher-1.10.1.jar;C:\Users\t-jon\.m2\repository\org\junit\platform\junit-platform-engine\1.10.1\junit-platform-engine-1.10.1.jar;C:\Users\t-jon\.m2\repository\org\slf4j\slf4j-api\2.0.9\slf4j-api-2.0.9.jar;C:\Users\t-jon\.m2\repository\ch\qos\logback\logback-classic\1.4.11\logback-classic-1.4.11.jar;C:\Users\t-jon\.m2\repository\ch\qos\logback\logback-core\1.4.11\logback-core-1.4.11.jar;"/>
    <property name="sun.cpu.endian" value="little"/>
    <property name="user.home" value="C:\Users\t-jon"/>
    <property name="user.language" value="fr"/>
    <property name="java.specification.vendor" value="Oracle Corporation"/>
    <property name="java.version.date" value="2022-04-19"/>
    <property name="java.home" value="C:\Program Files\eclipse\plugins\org.eclipse.justj.openjdk.hotspot.jre.full.win32.x86_64_17.0.3.v20220515-1416\jre"/>
    <property name="file.separator" value="\"/>
    <property name="style.color" value="always"/>
    <property name="basedir" value="C:\Users\t-jon\OneDrive - IEPSCF Marche-en-Famenne\Bac 4 - Info de gestion\Epreuve intégrée\mémoire - code\PROJETRH.V3.1\gateway-service"/>
    <property name="java.vm.compressedOopsMode" value="Zero based"/>
    <property name="line.separator" value="&#10;"/>
    <property name="java.vm.specification.vendor" value="Oracle Corporation"/>
    <property name="java.specification.name" value="Java Platform API Specification"/>
    <property name="FILE_LOG_CHARSET" value="windows-1252"/>
    <property name="java.awt.headless" value="true"/>
    <property name="surefire.real.class.path" value="C:\Users\t-jon\AppData\Local\Temp\surefire9975014108806512632\surefirebooter-20240519132937967_3.jar"/>
    <property name="user.script" value=""/>
    <property name="sun.management.compiler" value="HotSpot 64-Bit Tiered Compilers"/>
    <property name="java.runtime.version" value="17.0.3+7"/>
    <property name="user.name" value="t-jon"/>
    <property name="path.separator" value=";"/>
    <property name="os.version" value="10.0"/>
    <property name="java.runtime.name" value="OpenJDK Runtime Environment"/>
    <property name="file.encoding" value="Cp1252"/>
    <property name="java.vm.name" value="OpenJDK 64-Bit Server VM"/>
    <property name="java.vendor.version" value="Temurin-17.0.3+7"/>
    <property name="localRepository" value="C:\Users\t-jon\.m2\repository"/>
    <property name="java.vendor.url.bug" value="https://github.com/adoptium/adoptium-support/issues"/>
    <property name="java.io.tmpdir" value="C:\Users\t-jon\AppData\Local\Temp\"/>
    <property name="java.version" value="17.0.3"/>
    <property name="user.dir" value="C:\Users\t-jon\OneDrive - IEPSCF Marche-en-Famenne\Bac 4 - Info de gestion\Epreuve intégrée\mémoire - code\PROJETRH.V3.1\gateway-service"/>
    <property name="os.arch" value="amd64"/>
    <property name="java.vm.specification.name" value="Java Virtual Machine Specification"/>
    <property name="PID" value="19148"/>
    <property name="sun.os.patch.level" value=""/>
    <property name="CONSOLE_LOG_CHARSET" value="windows-1252"/>
    <property name="native.encoding" value="Cp1252"/>
    <property name="java.library.path" value="C:\Program Files\eclipse\plugins\org.eclipse.justj.openjdk.hotspot.jre.full.win32.x86_64_17.0.3.v20220515-1416\jre\bin;C:\WINDOWS\Sun\Java\bin;C:\WINDOWS\system32;C:\WINDOWS;C:/Program Files/eclipse//plugins/org.eclipse.justj.openjdk.hotspot.jre.full.win32.x86_64_17.0.3.v20220515-1416/jre/bin/server;C:/Program Files/eclipse//plugins/org.eclipse.justj.openjdk.hotspot.jre.full.win32.x86_64_17.0.3.v20220515-1416/jre/bin;C:\Program Files (x86)\Razer\ChromaBroadcast\bin;C:\Program Files\Razer\ChromaBroadcast\bin;C:\Program Files\Java\jdk-17\bin;C:\Program Files\Common Files\Oracle\Java\javapath;C:\Windows\system32;C:\Windows;C:\Windows\System32\Wbem;C:\Windows\System32\WindowsPowerShell\v1.0\;C:\Windows\System32\OpenSSH\;C:\Program Files\NVIDIA Corporation\NVIDIA NvDLISR;C:\Program Files (x86)\NVIDIA Corporation\PhysX\Common;C:\Program Files\Git\cmd;C:\Program Files\Docker\Docker\resources\bin;C:\Program Files\MySQL\MySQL Server 8.0\bin;C:\Users\t-jon\AppData\Local\Programs\Python\Python310\Scripts\;C:\Users\t-jon\AppData\Local\Programs\Python\Python310\;C:\Program Files\MySQL\MySQL Shell 8.0\bin\;C:\Users\t-jon\AppData\Local\Microsoft\WindowsApps;C:\Users\t-jon\AppData\Local\Programs\Microsoft VS Code\bin;C:\Dev;C:\Users\t-jon\AppData\Local\GitHubDesktop\bin;C:\Users\t-jon\Downloads\dependency-check-8.1.0-release\dependency-check\bin;C:\Program Files\JetBrains\IntelliJ IDEA 2022.3.2\bin;C:\php-8.2.7;;C:\WINDOWS\system32;C:\WINDOWS;C:\WINDOWS\System32\Wbem;C:\WINDOWS\System32\WindowsPowerShell\v1.0\;C:\WINDOWS\System32\OpenSSH\;C:\Program Files\nodejs\;C:\Users\t-jon\AppData\Local\Programs\Python\Python310\Scripts\;C:\Users\t-jon\AppData\Local\Programs\Python\Python310\;C:\Program Files\MySQL\MySQL Shell 8.0\bin\;C:\Users\t-jon\AppData\Local\Microsoft\WindowsApps;C:\Users\t-jon\AppData\Local\Programs\Microsoft VS Code\bin;C:\Dev;C:\Users\t-jon\AppData\Local\GitHubDesktop\bin;C:\Users\t-jon\Downloads\dependency-check-8.1.0-release\dependency-check\bin;C:\Program Files\JetBrains\IntelliJ IDEA 2022.3.2\bin;;C:\Program Files\MySQL\MySQL Server 8.0\bin;C:\Users\t-jon\AppData\Local\Programs\Fiddler;C:\Users\t-jon\AppData\Local\Microsoft\WindowsApps;C:\Users\t-jon\AppData\Roaming\npm;C:\Program Files\JetBrains\IntelliJ IDEA 2023.3.4\bin;;C:\Program Files\eclipse;;."/>
    <property name="java.vm.info" value="mixed mode"/>
    <property name="java.vendor" value="Eclipse Adoptium"/>
    <property name="java.vm.version" value="17.0.3+7"/>
    <property name="sun.io.unicode.encoding" value="UnicodeLittle"/>
    <property name="java.class.version" value="61.0"/>
  </properties>
  <testcase name="contextLoads" classname="htj.gatewayservice.GatewayServiceApplicationTests" time="0.785">
    <system-out><![CDATA[13:29:38,656 |-INFO in ch.qos.logback.classic.LoggerContext[default] - This is logback-classic version 1.4.11
13:29:38,658 |-INFO in ch.qos.logback.classic.util.ContextInitializer@61a88b8c - Here is a list of configurators discovered as a service, by rank: 
13:29:38,659 |-INFO in ch.qos.logback.classic.util.ContextInitializer@61a88b8c -   org.springframework.boot.logging.logback.RootLogLevelConfigurator
13:29:38,659 |-INFO in ch.qos.logback.classic.util.ContextInitializer@61a88b8c - They will be invoked in order until ExecutionStatus.DO_NOT_INVOKE_NEXT_IF_ANY is returned.
13:29:38,659 |-INFO in ch.qos.logback.classic.util.ContextInitializer@61a88b8c - Constructed configurator of type class org.springframework.boot.logging.logback.RootLogLevelConfigurator
13:29:38,688 |-INFO in ch.qos.logback.classic.util.ContextInitializer@61a88b8c - org.springframework.boot.logging.logback.RootLogLevelConfigurator.configure() call lasted 0 milliseconds. ExecutionStatus=INVOKE_NEXT_IF_ANY
13:29:38,688 |-INFO in ch.qos.logback.classic.util.ContextInitializer@61a88b8c - Trying to configure with ch.qos.logback.classic.joran.SerializedModelConfigurator
13:29:38,689 |-INFO in ch.qos.logback.classic.util.ContextInitializer@61a88b8c - Constructed configurator of type class ch.qos.logback.classic.joran.SerializedModelConfigurator
13:29:38,708 |-INFO in ch.qos.logback.classic.LoggerContext[default] - Could NOT find resource [logback-test.scmo]
13:29:38,708 |-INFO in ch.qos.logback.classic.LoggerContext[default] - Could NOT find resource [logback.scmo]
13:29:38,708 |-INFO in ch.qos.logback.classic.util.ContextInitializer@61a88b8c - ch.qos.logback.classic.joran.SerializedModelConfigurator.configure() call lasted 19 milliseconds. ExecutionStatus=INVOKE_NEXT_IF_ANY
13:29:38,708 |-INFO in ch.qos.logback.classic.util.ContextInitializer@61a88b8c - Trying to configure with ch.qos.logback.classic.util.DefaultJoranConfigurator
13:29:38,709 |-INFO in ch.qos.logback.classic.util.ContextInitializer@61a88b8c - Constructed configurator of type class ch.qos.logback.classic.util.DefaultJoranConfigurator
13:29:38,709 |-INFO in ch.qos.logback.classic.LoggerContext[default] - Could NOT find resource [logback-test.xml]
13:29:38,710 |-INFO in ch.qos.logback.classic.LoggerContext[default] - Found resource [logback.xml] at [file:/C:/Users/t-jon/OneDrive%20-%20IEPSCF%20Marche-en-Famenne/Bac%204%20-%20Info%20de%20gestion/Epreuve%20int%C3%A9gr%C3%A9e/m%C3%A9moire%20-%20code/PROJETRH.V3.1/gateway-service/target/classes/logback.xml]
13:29:38,799 |-INFO in ch.qos.logback.core.model.processor.AppenderModelHandler - Processing appender named [STDOUT]
13:29:38,799 |-INFO in ch.qos.logback.core.model.processor.AppenderModelHandler - About to instantiate appender of type [ch.qos.logback.core.ConsoleAppender]
13:29:38,804 |-INFO in ch.qos.logback.core.model.processor.ImplicitModelHandler - Assuming default type [ch.qos.logback.classic.encoder.PatternLayoutEncoder] for [encoder] property
13:29:38,843 |-INFO in ch.qos.logback.core.model.processor.AppenderModelHandler - Processing appender named [SIZE_TIME_OUTPUT_FILE]
13:29:38,843 |-INFO in ch.qos.logback.core.model.processor.AppenderModelHandler - About to instantiate appender of type [ch.qos.logback.core.rolling.RollingFileAppender]
13:29:38,847 |-INFO in ch.qos.logback.core.model.processor.ImplicitModelHandler - Assuming default type [ch.qos.logback.classic.encoder.PatternLayoutEncoder] for [encoder] property
13:29:38,855 |-INFO in c.q.l.core.rolling.TimeBasedRollingPolicy@573136580 - No compression will be used
13:29:38,857 |-INFO in c.q.l.core.rolling.TimeBasedRollingPolicy@573136580 - Will use the pattern logs/archived/gateway-service_journal.%d{yyyy-MM-dd}.%i.log for the active file
13:29:38,862 |-INFO in ch.qos.logback.core.rolling.SizeAndTimeBasedFNATP@5adb0db3 - The date pattern is 'yyyy-MM-dd' from file name pattern 'logs/archived/gateway-service_journal.%d{yyyy-MM-dd}.%i.log'.
13:29:38,862 |-INFO in ch.qos.logback.core.rolling.SizeAndTimeBasedFNATP@5adb0db3 - Roll-over at midnight.
13:29:38,863 |-INFO in ch.qos.logback.core.rolling.SizeAndTimeBasedFNATP@5adb0db3 - Setting initial period to 2024-05-19T11:03:13.981Z
13:29:38,864 |-WARN in ch.qos.logback.core.rolling.SizeAndTimeBasedFNATP@5adb0db3 - SizeAndTimeBasedFNATP is deprecated. Use SizeAndTimeBasedRollingPolicy instead
13:29:38,864 |-WARN in ch.qos.logback.core.rolling.SizeAndTimeBasedFNATP@5adb0db3 - For more information see http://logback.qos.ch/manual/appenders.html#SizeAndTimeBasedRollingPolicy
13:29:38,870 |-INFO in ch.qos.logback.core.rolling.RollingFileAppender[SIZE_TIME_OUTPUT_FILE] - Active log file name: logs/gateway-service_journal.log
13:29:38,870 |-INFO in ch.qos.logback.core.rolling.RollingFileAppender[SIZE_TIME_OUTPUT_FILE] - File property is set to [logs/gateway-service_journal.log]
13:29:38,871 |-INFO in ch.qos.logback.classic.model.processor.RootLoggerModelHandler - Setting level of ROOT logger to INFO
13:29:38,871 |-INFO in ch.qos.logback.core.model.processor.AppenderRefModelHandler - Attaching appender named [SIZE_TIME_OUTPUT_FILE] to Logger[ROOT]
13:29:38,872 |-INFO in ch.qos.logback.core.model.processor.AppenderRefModelHandler - Attaching appender named [STDOUT] to Logger[ROOT]
13:29:38,872 |-INFO in ch.qos.logback.core.model.processor.DefaultProcessor@3f270e0a - End of configuration.
13:29:38,872 |-INFO in ch.qos.logback.classic.joran.JoranConfigurator@1a760689 - Registering current configuration as safe fallback point
13:29:38,872 |-INFO in ch.qos.logback.classic.util.ContextInitializer@61a88b8c - ch.qos.logback.classic.util.DefaultJoranConfigurator.configure() call lasted 163 milliseconds. ExecutionStatus=DO_NOT_INVOKE_NEXT_IF_ANY

2024-05-19T13:29:39.017+02:00 &amp#27;[34mINFO &amp#27;[0;39m [main] o.s.t.c.s.AnnotationConfigContextLoaderUtils - Could not detect default configuration classes for test class [htj.gatewayservice.GatewayServiceApplicationTests]: GatewayServiceApplicationTests does not declare any static, non-private, non-final, nested classes annotated with @Configuration.
2024-05-19T13:29:39.136+02:00 &amp#27;[34mINFO &amp#27;[0;39m [main] o.s.b.t.c.SpringBootTestContextBootstrapper - Found @SpringBootConfiguration htj.gatewayservice.GatewayServiceApplication for test class htj.gatewayservice.GatewayServiceApplicationTests
13:29:39,595 |-INFO in ch.qos.logback.core.model.processor.AppenderModelHandler - Processing appender named [STDOUT]
13:29:39,595 |-INFO in ch.qos.logback.core.model.processor.AppenderModelHandler - About to instantiate appender of type [ch.qos.logback.core.ConsoleAppender]
13:29:39,595 |-INFO in ch.qos.logback.core.model.processor.ImplicitModelHandler - Assuming default type [ch.qos.logback.classic.encoder.PatternLayoutEncoder] for [encoder] property
13:29:39,595 |-INFO in ch.qos.logback.core.model.processor.AppenderModelHandler - Processing appender named [SIZE_TIME_OUTPUT_FILE]
13:29:39,595 |-INFO in ch.qos.logback.core.model.processor.AppenderModelHandler - About to instantiate appender of type [ch.qos.logback.core.rolling.RollingFileAppender]
13:29:39,596 |-INFO in ch.qos.logback.core.model.processor.ImplicitModelHandler - Assuming default type [ch.qos.logback.classic.encoder.PatternLayoutEncoder] for [encoder] property
13:29:39,597 |-INFO in c.q.l.core.rolling.TimeBasedRollingPolicy@1468192631 - No compression will be used
13:29:39,597 |-INFO in c.q.l.core.rolling.TimeBasedRollingPolicy@1468192631 - Will use the pattern logs/archived/gateway-service_journal.%d{yyyy-MM-dd}.%i.log for the active file
13:29:39,597 |-INFO in ch.qos.logback.core.rolling.SizeAndTimeBasedFNATP@4f824872 - The date pattern is 'yyyy-MM-dd' from file name pattern 'logs/archived/gateway-service_journal.%d{yyyy-MM-dd}.%i.log'.
13:29:39,597 |-INFO in ch.qos.logback.core.rolling.SizeAndTimeBasedFNATP@4f824872 - Roll-over at midnight.
13:29:39,598 |-INFO in ch.qos.logback.core.rolling.SizeAndTimeBasedFNATP@4f824872 - Setting initial period to 2024-05-19T11:29:39.137Z
13:29:39,598 |-WARN in ch.qos.logback.core.rolling.SizeAndTimeBasedFNATP@4f824872 - SizeAndTimeBasedFNATP is deprecated. Use SizeAndTimeBasedRollingPolicy instead
13:29:39,598 |-WARN in ch.qos.logback.core.rolling.SizeAndTimeBasedFNATP@4f824872 - For more information see http://logback.qos.ch/manual/appenders.html#SizeAndTimeBasedRollingPolicy
13:29:39,598 |-INFO in ch.qos.logback.core.rolling.RollingFileAppender[SIZE_TIME_OUTPUT_FILE] - Active log file name: logs/gateway-service_journal.log
13:29:39,598 |-INFO in ch.qos.logback.core.rolling.RollingFileAppender[SIZE_TIME_OUTPUT_FILE] - File property is set to [logs/gateway-service_journal.log]
13:29:39,599 |-INFO in ch.qos.logback.classic.model.processor.RootLoggerModelHandler - Setting level of ROOT logger to INFO
13:29:39,599 |-INFO in ch.qos.logback.classic.jul.LevelChangePropagator@b016b4e - Propagating INFO level on Logger[ROOT] onto the JUL framework
13:29:39,600 |-INFO in ch.qos.logback.core.model.processor.AppenderRefModelHandler - Attaching appender named [SIZE_TIME_OUTPUT_FILE] to Logger[ROOT]
13:29:39,600 |-INFO in ch.qos.logback.core.model.processor.AppenderRefModelHandler - Attaching appender named [STDOUT] to Logger[ROOT]
13:29:39,600 |-INFO in ch.qos.logback.core.model.processor.DefaultProcessor@29629fbb - End of configuration.
13:29:39,600 |-INFO in org.springframework.boot.logging.logback.SpringBootJoranConfigurator@681adc8f - Registering current configuration as safe fallback point


  .   ____          _            __ _ _
 /\\ / ___'_ __ _ _(_)_ __  __ _ \ \ \ \
( ( )\___ | '_ | '_| | '_ \/ _` | \ \ \ \
 \\/  ___)| |_)| | | | | || (_| |  ) ) ) )
  '  |____| .__|_| |_|_| |_\__, | / / / /
 =========|_|==============|___/=/_/_/_/
 :: Spring Boot ::       (v3.2.0-SNAPSHOT)

2024-05-19T13:29:39.651+02:00 &amp#27;[34mINFO &amp#27;[0;39m [background-preinit] o.h.v.i.u.Version - HV000001: Hibernate Validator 8.0.1.Final
2024-05-19T13:29:39.706+02:00 &amp#27;[34mINFO &amp#27;[0;39m [main] h.g.GatewayServiceApplicationTests - Starting GatewayServiceApplicationTests using Java 17.0.3 with PID 19148 (started by t-jon in C:\Users\t-jon\OneDrive - IEPSCF Marche-en-Famenne\Bac 4 - Info de gestion\Epreuve intégrée\mémoire - code\PROJETRH.V3.1\gateway-service)
2024-05-19T13:29:39.707+02:00 &amp#27;[34mINFO &amp#27;[0;39m [main] h.g.GatewayServiceApplicationTests - No active profile set, falling back to 1 default profile: "default"
2024-05-19T13:29:40.666+02:00 &amp#27;[34mINFO &amp#27;[0;39m [main] o.s.c.c.s.GenericScope - BeanFactory id=23a5485b-1fd5-340b-9ea9-9fd9e275e01f
2024-05-19T13:29:41.644+02:00 &amp#27;[34mINFO &amp#27;[0;39m [main] o.s.c.g.r.RouteDefinitionRouteLocator - Loaded RoutePredicateFactory [After]
2024-05-19T13:29:41.644+02:00 &amp#27;[34mINFO &amp#27;[0;39m [main] o.s.c.g.r.RouteDefinitionRouteLocator - Loaded RoutePredicateFactory [Before]
2024-05-19T13:29:41.644+02:00 &amp#27;[34mINFO &amp#27;[0;39m [main] o.s.c.g.r.RouteDefinitionRouteLocator - Loaded RoutePredicateFactory [Between]
2024-05-19T13:29:41.644+02:00 &amp#27;[34mINFO &amp#27;[0;39m [main] o.s.c.g.r.RouteDefinitionRouteLocator - Loaded RoutePredicateFactory [Cookie]
2024-05-19T13:29:41.644+02:00 &amp#27;[34mINFO &amp#27;[0;39m [main] o.s.c.g.r.RouteDefinitionRouteLocator - Loaded RoutePredicateFactory [Header]
2024-05-19T13:29:41.644+02:00 &amp#27;[34mINFO &amp#27;[0;39m [main] o.s.c.g.r.RouteDefinitionRouteLocator - Loaded RoutePredicateFactory [Host]
2024-05-19T13:29:41.644+02:00 &amp#27;[34mINFO &amp#27;[0;39m [main] o.s.c.g.r.RouteDefinitionRouteLocator - Loaded RoutePredicateFactory [Method]
2024-05-19T13:29:41.644+02:00 &amp#27;[34mINFO &amp#27;[0;39m [main] o.s.c.g.r.RouteDefinitionRouteLocator - Loaded RoutePredicateFactory [Path]
2024-05-19T13:29:41.644+02:00 &amp#27;[34mINFO &amp#27;[0;39m [main] o.s.c.g.r.RouteDefinitionRouteLocator - Loaded RoutePredicateFactory [Query]
2024-05-19T13:29:41.645+02:00 &amp#27;[34mINFO &amp#27;[0;39m [main] o.s.c.g.r.RouteDefinitionRouteLocator - Loaded RoutePredicateFactory [ReadBody]
2024-05-19T13:29:41.645+02:00 &amp#27;[34mINFO &amp#27;[0;39m [main] o.s.c.g.r.RouteDefinitionRouteLocator - Loaded RoutePredicateFactory [RemoteAddr]
2024-05-19T13:29:41.645+02:00 &amp#27;[34mINFO &amp#27;[0;39m [main] o.s.c.g.r.RouteDefinitionRouteLocator - Loaded RoutePredicateFactory [XForwardedRemoteAddr]
2024-05-19T13:29:41.645+02:00 &amp#27;[34mINFO &amp#27;[0;39m [main] o.s.c.g.r.RouteDefinitionRouteLocator - Loaded RoutePredicateFactory [Weight]
2024-05-19T13:29:41.645+02:00 &amp#27;[34mINFO &amp#27;[0;39m [main] o.s.c.g.r.RouteDefinitionRouteLocator - Loaded RoutePredicateFactory [CloudFoundryRouteService]
2024-05-19T13:29:41.982+02:00 &amp#27;[34mINFO &amp#27;[0;39m [main] h.g.GatewayServiceApplicationTests - Started GatewayServiceApplicationTests in 2.676 seconds (process running for 3.893)
]]></system-out>
  </testcase>
</testsuite>